C51 COMPILER V9.56.0.0   DELAY                                                             12/22/2021 15:01:57 PAGE 1   


C51 COMPILER V9.56.0.0, COMPILATION OF MODULE DELAY
OBJECT MODULE PLACED IN .\Objects\Delay.obj
COMPILER INVOKED BY: C:\Keil_v5\C51\BIN\C51.EXE Delay.c OPTIMIZE(8,SPEED) BROWSE DEBUG OBJECTEXTEND PRINT(.\Listings\Del
                    -ay.lst) TABS(2) OBJECT(.\Objects\Delay.obj)

line level    source

   1          #include <STC8.H>
   2          #include <intrins.h>
   3          
   4          
   5          void Delay1ms(unsigned int xms)   //         @11.0592MHz
   6          {
   7   1        unsigned char i, j;
   8   1        while(xms--)
   9   1        { 
  10   2          i = 12;
  11   2          j = 5;
  12   2          do
  13   2          {
  14   3            while (--j);
  15   3          } while (--i);
  16   2        }
  17   1      } 
  18          
  19          
  20            
  21            
  22            
  23            
  24            
  25            
  26            
  27            
  28            
  29            
  30            
  31          


MODULE INFORMATION:   STATIC OVERLAYABLE
   CODE SIZE        =     21    ----
   CONSTANT SIZE    =   ----    ----
   XDATA SIZE       =   ----    ----
   PDATA SIZE       =   ----    ----
   DATA SIZE        =   ----    ----
   IDATA SIZE       =   ----    ----
   BIT SIZE         =   ----    ----
END OF MODULE INFORMATION.


C51 COMPILATION COMPLETE.  0 WARNING(S),  0 ERROR(S)
