C51 COMPILER V9.56.0.0   MAIN                                                              12/22/2021 15:01:56 PAGE 1   


C51 COMPILER V9.56.0.0, COMPILATION OF MODULE MAIN
OBJECT MODULE PLACED IN .\Objects\main.obj
COMPILER INVOKED BY: C:\Keil_v5\C51\BIN\C51.EXE main.c OPTIMIZE(8,SPEED) BROWSE DEBUG OBJECTEXTEND PRINT(.\Listings\main
                    -.lst) TABS(2) OBJECT(.\Objects\main.obj)

line level    source

   1          #include <STC8.H>
   2          #include "Delay.h"
   3          #include "DHTC12.H"
   4          #include <intrins.h>
   5          #include <stdio.h>
   6          
   7          
   8          
   9          void Uart_Init()    //9600bps@11.0592MHz
  10          {
  11   1        SCON = 0x50;    //
  12   1        AUXR &= 0xBF;   //
  13   1        AUXR &= 0xFE;   //
  14   1        TMOD &= 0x0F;   //
  15   1        TL1 = 0xE8;   //
  16   1        TH1 = 0xFF;   //
  17   1        ET1 = 0;    //
  18   1        TR1 = 1;    //
  19   1      }
  20          
  21          void Uart_TXD (unsigned char Data)
  22          { 
  23   1          SBUF = Data;
  24   1          while(TI == 0);
  25   1          TI = 0;
  26   1      } 
  27          
  28          
  29           /*********发送文本串**********/
  30          void Usart1_SandTXString(u8 *s)
  31          {
  32   1       u8 i=0;
  33   1      
  34   1      TI = 0;
  35   1       while(s[i]!=0)
  36   1       {
  37   2          SBUF = s[i];
  38   2          i++;
  39   2          while(TI == 0);
  40   2          TI = 0;
  41   2       }
  42   1      }
  43          
  44          
  45          void main ()
  46          { 
  47   1        u8 errorflag;
  48   1        u16 HumResult;
  49   1        s16 TemResult;
  50   1        float HumResultF,TemResultF;
  51   1        char RH[18] = {0};
  52   1        char T[18] = {0};
  53   1          
  54   1        
C51 COMPILER V9.56.0.0   MAIN                                                              12/22/2021 15:01:56 PAGE 2   

  55   1        /*配置IO口模式为准双向口;*/
  56   1        P5M0 &= 0xdf;
  57   1        P5M1 &= 0xdf;
  58   1        P3M0 &= 0xf0;
  59   1        P3M1 &= 0xf0;   
  60   1      
  61   1      
  62   1        DHTC12_MInit();     
  63   1        Uart_Init();
  64   1      
  65   1        while(1)
  66   1        { 
  67   2          Delay1ms(600);
  68   2          errorflag = ReadDHTC12_M(&TemResult,&HumResult);
  69   2          HumResultF = (float)HumResult/10;
  70   2          TemResultF = (float)TemResult/10;
  71   2          sprintf(RH,"RH:%0.1F",HumResultF);
  72   2          sprintf(T,"RH; T:%0.1F℃",TemResultF);
  73   2          P55 = 0;
  74   2          Usart1_SandTXString(RH);
  75   2          Uart_TXD('%');    
  76   2          Usart1_SandTXString(T);
  77   2          Uart_TXD(';');
  78   2          Uart_TXD(' ');
  79   2          Uart_TXD(' ');
  80   2          Delay1ms(600);
  81   2          P55 = 1;
  82   2        }
  83   1      } 


MODULE INFORMATION:   STATIC OVERLAYABLE
   CODE SIZE        =    313    ----
   CONSTANT SIZE    =     59    ----
   XDATA SIZE       =   ----    ----
   PDATA SIZE       =   ----    ----
   DATA SIZE        =   ----      52
   IDATA SIZE       =   ----    ----
   BIT SIZE         =   ----    ----
END OF MODULE INFORMATION.


C51 COMPILATION COMPLETE.  0 WARNING(S),  0 ERROR(S)
